SF:lib\features\home\data\models\home_item_model.dart
DA:13,3
DA:25,1
DA:26,2
DA:27,2
DA:28,2
DA:29,2
DA:30,2
DA:31,2
DA:32,2
DA:33,2
DA:34,2
DA:35,2
DA:38,1
DA:39,1
DA:40,2
DA:41,2
DA:42,2
DA:43,2
DA:44,2
DA:45,2
DA:46,2
DA:47,2
DA:48,2
DA:49,2
LF:24
LH:24
end_of_record
SF:lib\core\utils\data_states.dart
DA:5,4
DA:9,6
DA:13,6
LF:3
LH:3
end_of_record
SF:lib\features\home\data\repository\home_repository.dart
DA:14,1
DA:17,3
DA:19,0
DA:20,0
DA:21,0
DA:23,0
DA:25,0
DA:27,2
LF:8
LH:3
end_of_record
SF:lib\features\home\data\source\home_data_source.dart
DA:28,1
DA:30,4
LF:2
LH:2
end_of_record
SF:lib\configs\di.dart
DA:8,15
DA:10,0
DA:16,0
DA:17,0
DA:18,0
DA:22,0
DA:23,0
DA:25,0
DA:29,0
DA:30,0
DA:31,0
DA:32,0
DA:33,0
DA:35,0
DA:37,0
DA:38,0
DA:40,0
DA:42,0
DA:45,0
DA:47,0
DA:50,0
DA:51,0
DA:52,0
DA:54,0
DA:56,0
LF:25
LH:1
end_of_record
SF:lib\core\utils\extentions.dart
DA:5,0
DA:6,0
DA:8,0
DA:9,0
DA:11,4
DA:12,2
DA:16,4
DA:17,2
DA:20,0
DA:21,0
DA:22,0
DA:28,1
DA:29,2
DA:30,1
DA:31,1
DA:38,1
LF:16
LH:9
end_of_record
SF:lib\features\home\domain\use_case\home_items_use_case.dart
DA:8,3
DA:9,9
LF:2
LH:2
end_of_record
SF:lib\features\home\presentation\blocs\home_bloc\home_state.dart
DA:13,2
DA:19,1
LF:2
LH:2
end_of_record
SF:lib\features\home\presentation\blocs\home_bloc\home_bloc.dart
DA:12,6
DA:13,4
DA:14,4
DA:15,4
DA:16,2
DA:17,2
DA:18,2
DA:19,2
DA:20,0
DA:21,0
DA:22,0
DA:23,0
DA:28,2
DA:29,4
DA:31,2
DA:32,3
LF:16
LH:12
end_of_record
SF:lib\configs\theme.dart
DA:5,1
DA:6,1
DA:7,1
DA:12,1
DA:13,1
DA:15,1
DA:16,0
DA:22,1
DA:25,2
DA:26,1
DA:29,1
DA:30,0
DA:43,1
DA:44,1
DA:48,1
DA:51,1
DA:55,1
DA:60,1
DA:61,1
DA:62,1
DA:63,1
DA:64,1
DA:65,1
DA:66,1
DA:87,1
DA:88,1
DA:89,1
LF:27
LH:25
end_of_record
SF:lib\core\utils\custom_modals.dart
DA:7,0
DA:8,0
DA:9,0
DA:10,0
DA:16,0
DA:17,0
DA:18,0
DA:19,0
DA:21,0
DA:26,0
DA:27,0
DA:28,0
DA:29,0
LF:13
LH:0
end_of_record
SF:lib\core\utils\custom_page_route.dart
DA:6,0
DA:7,0
DA:11,0
DA:16,0
DA:19,0
DA:21,0
DA:23,0
DA:27,0
DA:30,0
DA:35,0
DA:37,0
DA:38,0
LF:12
LH:0
end_of_record
SF:lib\core\utils\is_test_environment.dart
DA:6,4
DA:10,8
LF:2
LH:2
end_of_record
SF:lib\core\utils\my_navigator.dart
DA:5,0
DA:9,0
DA:11,0
DA:12,0
DA:14,0
DA:18,0
DA:20,0
DA:21,0
DA:23,0
DA:28,0
DA:30,0
DA:31,0
DA:32,0
LF:13
LH:0
end_of_record
SF:lib\core\utils\storage.dart
DA:5,0
DA:6,0
DA:9,0
DA:10,0
DA:11,0
DA:15,2
DA:16,2
DA:17,0
LF:8
LH:2
end_of_record
SF:lib\main.dart
DA:7,0
DA:8,0
DA:9,0
DA:13,0
DA:19,8
DA:21,1
DA:22,1
DA:26,1
DA:28,1
DA:31,1
LF:10
LH:6
end_of_record
SF:lib\features\home\presentation\screens\home_items_screen.dart
DA:11,8
DA:13,1
DA:14,1
DA:22,1
DA:24,2
DA:25,1
DA:28,0
DA:29,0
DA:30,0
DA:31,0
DA:35,1
DA:37,1
DA:38,1
DA:39,4
DA:40,1
DA:41,1
DA:42,1
DA:43,2
DA:44,3
DA:45,0
DA:46,0
DA:48,1
DA:52,1
DA:53,1
DA:54,0
DA:59,0
DA:60,0
DA:62,0
DA:63,0
DA:72,0
DA:74,0
DA:75,0
DA:76,0
DA:77,0
DA:80,0
DA:81,0
DA:85,0
DA:92,0
DA:93,0
DA:97,0
DA:99,0
DA:100,0
DA:104,0
DA:105,0
DA:106,0
DA:110,0
DA:112,0
DA:114,0
DA:117,0
DA:118,0
DA:126,1
DA:127,0
DA:128,0
DA:129,1
DA:130,0
LF:55
LH:20
end_of_record
SF:lib\features\home\presentation\widgets\card_widget.dart
DA:12,1
DA:14,1
DA:16,1
DA:17,0
DA:18,0
DA:19,0
DA:21,1
DA:22,1
DA:23,1
DA:24,1
DA:25,1
DA:27,1
DA:28,1
DA:32,1
DA:33,1
DA:34,1
DA:35,1
DA:36,1
DA:37,1
DA:40,1
DA:45,1
DA:46,0
DA:47,0
DA:53,1
DA:54,1
DA:56,1
DA:57,1
DA:58,2
DA:68,1
DA:71,1
DA:79,1
DA:80,1
DA:81,3
LF:33
LH:28
end_of_record
SF:lib\features\home\presentation\screens\item_details_screen.dart
DA:12,1
DA:14,1
DA:15,1
DA:21,1
DA:23,1
DA:24,1
DA:28,1
DA:30,1
DA:31,1
DA:34,1
DA:35,1
DA:39,1
DA:41,1
DA:42,1
DA:44,1
DA:46,1
DA:47,1
DA:48,1
DA:50,1
DA:51,1
DA:53,1
DA:55,1
DA:56,1
DA:57,3
DA:65,1
DA:67,1
DA:68,1
DA:69,1
DA:70,1
DA:74,1
DA:75,0
DA:76,0
DA:81,1
DA:82,1
DA:85,1
DA:87,1
DA:88,1
DA:89,3
DA:90,1
DA:91,1
DA:92,1
DA:93,2
DA:94,2
DA:106,2
DA:107,3
DA:108,1
DA:109,1
DA:130,1
DA:138,1
DA:139,1
DA:140,2
DA:141,1
DA:142,1
DA:145,2
DA:148,1
DA:149,3
DA:151,1
DA:152,3
DA:153,1
DA:154,1
DA:157,3
DA:160,1
DA:162,3
DA:164,1
DA:165,3
DA:166,1
DA:167,1
DA:170,3
DA:173,1
DA:174,3
DA:176,1
DA:177,3
DA:178,1
DA:179,1
DA:182,3
DA:185,1
DA:187,3
DA:190,1
DA:191,3
DA:192,1
DA:193,1
DA:196,3
DA:199,1
DA:201,3
DA:203,1
DA:204,1
DA:205,3
DA:206,1
DA:207,1
DA:210,3
DA:213,1
DA:214,1
DA:215,0
DA:216,0
DA:219,1
DA:220,1
DA:225,1
DA:226,5
DA:234,1
DA:236,1
LF:100
LH:96
end_of_record
SF:lib\features\home\presentation\widgets\key_value_widget.dart
DA:11,2
DA:17,2
DA:19,2
DA:21,2
DA:22,2
DA:23,2
DA:26,2
DA:28,2
DA:30,2
DA:31,2
DA:32,2
DA:37,2
DA:38,2
DA:39,2
DA:41,2
DA:42,2
DA:43,2
DA:45,2
DA:46,2
DA:47,0
DA:48,0
DA:49,0
DA:50,0
DA:51,0
DA:55,2
DA:56,2
DA:57,2
DA:59,2
DA:62,2
LF:29
LH:24
end_of_record
SF:lib\splash_screen.dart
DA:10,8
DA:12,2
DA:13,2
DA:17,2
DA:19,2
DA:22,2
DA:24,2
DA:25,2
DA:29,0
DA:30,0
DA:31,0
DA:34,2
DA:35,2
DA:36,2
DA:38,2
DA:40,2
DA:41,4
DA:42,2
DA:44,2
DA:45,2
DA:46,2
DA:47,4
DA:48,4
DA:69,2
DA:70,2
DA:71,4
DA:74,4
LF:27
LH:24
end_of_record
SF:lib\features\home\presentation\blocs\home_bloc\home_event.dart
LF:0
LH:0
end_of_record
